<?xml version="1.0" encoding="UTF-8"?>
<!-- Generated by org.testng.reporters.JUnitXMLReporter -->
<testsuite hostname="SAI-PC" ignored="1" name="Different Testing Feature Test" tests="26" failures="0" timestamp="16 Nov 2018 16:25:50 GMT" time="92.025" errors="0">
  <testcase name="@BeforeMethod setUP" time="27.281" classname="com.testpackage.GoogleTest">
    <failure type="org.openqa.selenium.TimeoutException" message="timeout
  (Session info: chrome=70.0.3538.102)
  (Driver info: chromedriver=2.38.552522 (437e6fbedfa8762dec75e2c5b3ddb86763dc9dcb),platform=Windows NT 10.0.17134 x86_64) (WARNING: The server did not provide any stacktrace information)
Command duration or timeout: 20.02 seconds
Build info: version: &amp;apos;unknown&amp;apos;, revision: &amp;apos;unknown&amp;apos;, time: &amp;apos;unknown&amp;apos;
System info: host: &amp;apos;SAI-PC&amp;apos;, ip: &amp;apos;192.168.0.108&amp;apos;, os.name: &amp;apos;Windows 10&amp;apos;, os.arch: &amp;apos;amd64&amp;apos;, os.version: &amp;apos;10.0&amp;apos;, java.version: &amp;apos;1.8.0_161&amp;apos;
Driver info: org.openqa.selenium.chrome.ChromeDriver
Capabilities [{applicationCacheEnabled=false, rotatable=false, mobileEmulationEnabled=false, networkConnectionEnabled=false, chrome={chromedriverVersion=2.38.552522 (437e6fbedfa8762dec75e2c5b3ddb86763dc9dcb), userDataDir=C:\Users\SAI\AppData\Local\Temp\scoped_dir1708_32166}, takesHeapSnapshot=true, pageLoadStrategy=normal, databaseEnabled=false, handlesAlerts=true, hasTouchScreen=false, version=70.0.3538.102, platform=XP, browserConnectionEnabled=false, nativeEvents=true, acceptSslCerts=false, acceptInsecureCerts=false, locationContextEnabled=true, webStorageEnabled=true, browserName=chrome, takesScreenshot=true, javascriptEnabled=true, cssSelectorsEnabled=true, setWindowRect=true, unexpectedAlertBehaviour=}]
Session ID: af9953ae71eac7f45f9f12721ba8f4f5">
      <![CDATA[org.openqa.selenium.TimeoutException: timeout
  (Session info: chrome=70.0.3538.102)
  (Driver info: chromedriver=2.38.552522 (437e6fbedfa8762dec75e2c5b3ddb86763dc9dcb),platform=Windows NT 10.0.17134 x86_64) (WARNING: The server did not provide any stacktrace information)
Command duration or timeout: 20.02 seconds
Build info: version: 'unknown', revision: 'unknown', time: 'unknown'
System info: host: 'SAI-PC', ip: '192.168.0.108', os.name: 'Windows 10', os.arch: 'amd64', os.version: '10.0', java.version: '1.8.0_161'
Driver info: org.openqa.selenium.chrome.ChromeDriver
Capabilities [{applicationCacheEnabled=false, rotatable=false, mobileEmulationEnabled=false, networkConnectionEnabled=false, chrome={chromedriverVersion=2.38.552522 (437e6fbedfa8762dec75e2c5b3ddb86763dc9dcb), userDataDir=C:\Users\SAI\AppData\Local\Temp\scoped_dir1708_32166}, takesHeapSnapshot=true, pageLoadStrategy=normal, databaseEnabled=false, handlesAlerts=true, hasTouchScreen=false, version=70.0.3538.102, platform=XP, browserConnectionEnabled=false, nativeEvents=true, acceptSslCerts=false, acceptInsecureCerts=false, locationContextEnabled=true, webStorageEnabled=true, browserName=chrome, takesScreenshot=true, javascriptEnabled=true, cssSelectorsEnabled=true, setWindowRect=true, unexpectedAlertBehaviour=}]
Session ID: af9953ae71eac7f45f9f12721ba8f4f5
at org.openqa.selenium.remote.ErrorHandler.createThrowable(ErrorHandler.java:215)
at org.openqa.selenium.remote.ErrorHandler.throwIfResponseFailed(ErrorHandler.java:167)
at org.openqa.selenium.remote.RemoteWebDriver.execute(RemoteWebDriver.java:671)
at org.openqa.selenium.remote.RemoteWebDriver.get(RemoteWebDriver.java:364)
at com.testpackage.GoogleTest.setUP(GoogleTest.java:29)
at java.util.concurrent.FutureTask.run(FutureTask.java:266)
at java.util.concurrent.ThreadPoolExecutor.runWorker(ThreadPoolExecutor.java:1149)
at java.util.concurrent.ThreadPoolExecutor$Worker.run(ThreadPoolExecutor.java:624)
at java.lang.Thread.run(Thread.java:748)
... Removed 23 stack frames]]>
    </failure>
  </testcase> <!-- @BeforeMethod setUP -->
  <testcase name="@AfterMethod tearDown" time="0.0" classname="com.testpackage.GoogleTest">
    <skipped/>
  </testcase> <!-- @AfterMethod tearDown -->
  <testcase name="@BeforeMethod setUP" time="0.0" classname="com.testpackage.GoogleTest">
    <skipped/>
  </testcase> <!-- @BeforeMethod setUP -->
  <testcase name="@AfterMethod tearDown" time="0.0" classname="com.testpackage.GoogleTest">
    <skipped/>
  </testcase> <!-- @AfterMethod tearDown -->
  <testcase name="@BeforeMethod setUP" time="0.0" classname="com.testpackage.GoogleTest">
    <skipped/>
  </testcase> <!-- @BeforeMethod setUP -->
  <testcase name="@AfterMethod tearDown" time="0.0" classname="com.testpackage.GoogleTest">
    <skipped/>
  </testcase> <!-- @AfterMethod tearDown -->
  <testcase name="exceptionHandler" time="0.008" classname="com.testpackage.ExpectedExceptions"/>
  <testcase name="googleLogoTest" time="0.067" classname="com.testpackage.GoogleTitleTest"/>
  <testcase name="googleTitleTest" time="0.011" classname="com.testpackage.GoogleTitleTest"/>
  <testcase name="sum" time="0.001" classname="com.testpackage.InvocationCountTest"/>
  <testcase name="sum" time="0.001" classname="com.testpackage.InvocationCountTest"/>
  <testcase name="sum" time="0.001" classname="com.testpackage.InvocationCountTest"/>
  <testcase name="sum" time="0.001" classname="com.testpackage.InvocationCountTest"/>
  <testcase name="sum" time="0.002" classname="com.testpackage.InvocationCountTest"/>
  <testcase name="sum" time="0.002" classname="com.testpackage.InvocationCountTest"/>
  <testcase name="sum" time="0.004" classname="com.testpackage.InvocationCountTest"/>
  <testcase name="sum" time="0.001" classname="com.testpackage.InvocationCountTest"/>
  <testcase name="sum" time="0.002" classname="com.testpackage.InvocationCountTest"/>
  <testcase name="sum" time="0.0" classname="com.testpackage.InvocationCountTest"/>
  <testcase name="googleLogoTest" time="0.002" classname="com.testpackage.TestNgBasics"/>
  <testcase name="googleTitleTest" time="0.001" classname="com.testpackage.TestNgBasics"/>
  <testcase name="searchTest" time="0.006" classname="com.testpackage.TestNgBasics"/>
  <testcase name="loginTest" time="0.002" classname="com.testpackage.TestNgFeatures"/>
  <testcase name="HomePageTest" time="0.001" classname="com.testpackage.TestNgFeatures"/>
  <testcase name="RegPageTest" time="0.002" classname="com.testpackage.TestNgFeatures"/>
  <testcase name="SearchPageTest" time="0.001" classname="com.testpackage.TestNgFeatures"/>
  <testcase name="googleTitleTest" time="0.013" classname="com.testpackage.GoogleTest"/>
  <testcase name="mailLinkTest" time="0.062" classname="com.testpackage.GoogleTest"/>
  <testcase name="googleLogoTest" time="0.079" classname="com.testpackage.GoogleTest"/>
  <testcase name="test1" time="0.0" classname="com.testpackage.GoogleTest">
    <skipped/>
  </testcase> <!-- test1 -->
  <testcase name="test2" time="0.0" classname="com.testpackage.GoogleTest">
    <skipped/>
  </testcase> <!-- test2 -->
  <testcase name="test3" time="0.0" classname="com.testpackage.GoogleTest">
    <skipped/>
  </testcase> <!-- test3 -->
  <testcase name="infintloopTest" time="0.0" classname="com.testpackage.ExceptionTimeOutTest">
    <ignored/>
  </testcase> <!-- infintloopTest -->
</testsuite> <!-- Different Testing Feature Test -->
